<?xml version="1.0" encoding="UTF-8"?>
<!-- Generated by org.testng.reporters.JUnitXMLReporter -->
<testsuite ignored="0" hostname="JH2VLW5L95" failures="0" tests="4" name="Default test" time="56.377" errors="0" timestamp="2024-08-14T12:47:23 IST">
  <testcase classname="tests.LeadsTest" name="LoginToSite" time="2.384"/>
  <testcase classname="tests.LeadsTest" name="filterLeads" time="18.965"/>
  <testcase classname="tests.LeadsTest" name="deleteLead" time="20.435"/>
  <testcase classname="tests.LeadsTest" name="signOut" time="5.662"/>
</testsuite> <!-- Default test -->
