<?xml version="1.0" encoding="UTF-8"?>
<!-- Generated by org.testng.reporters.JUnitXMLReporter -->
<testsuite ignored="0" hostname="JH2VLW5L95" failures="0" tests="6" name="LeadsTest" time="60.241" errors="0" timestamp="2024-08-14T12:50:11 IST">
  <testcase classname="tests.LeadsTest" name="LoginToSite" time="1.536"/>
  <testcase classname="tests.LeadsTest" name="createNewLeads" time="20.183"/>
  <testcase classname="tests.LeadsTest" name="editLead" time="5.978"/>
  <testcase classname="tests.LeadsTest" name="filterLeads" time="1.089"/>
  <testcase classname="tests.LeadsTest" name="deleteLead" time="17.956"/>
  <testcase classname="tests.LeadsTest" name="signOut" time="7.573"/>
</testsuite> <!-- LeadsTest -->
